Using pre-set license
Built from '2020.3/staging' branch; Version is '2020.3.11f1 (99c7afb366b3) revision 10078127'; Using compiler version '192528614'; Build Type 'Release'
OS: 'Windows 10 Home; OS build 17763.1577; Version 1809; 64bit' Language: 'en' Physical Memory: 16326 MB
BatchMode: 1, IsHumanControllingUs: 0, StartBugReporterOnCrash: 0, Is64bit: 1, IsPro: 0

 COMMAND LINE ARGUMENTS:
C:\Program Files\Unity\Hub\Editor\2020.3.11f1\Editor\Unity.exe
-adb2
-batchMode
-noUpm
-name
AssetImportWorker0
-projectPath
C:/Users/Mark/Documents/GitHub/Project-Quimby/Project Quimbly
-logFile
Logs/AssetImportWorker0.log
-srvPort
57512
Successfully changed project path to: C:/Users/Mark/Documents/GitHub/Project-Quimby/Project Quimbly
C:/Users/Mark/Documents/GitHub/Project-Quimby/Project Quimbly
Using Asset Import Pipeline V2.
Refreshing native plugins compatible for Editor in 47.23 ms, found 3 plugins.
Preloading 0 native plugins for Editor in 0.00 ms.
Initialize engine version: 2020.3.11f1 (99c7afb366b3)
[Subsystems] Discovering subsystems at path C:/Program Files/Unity/Hub/Editor/2020.3.11f1/Editor/Data/Resources/UnitySubsystems
[Subsystems] Discovering subsystems at path C:/Users/Mark/Documents/GitHub/Project-Quimby/Project Quimbly/Assets
GfxDevice: creating device client; threaded=0
Direct3D:
    Version:  Direct3D 11.0 [level 11.1]
    Renderer: NVIDIA GeForce RTX 3060 Ti (ID=0x2486)
    Vendor:   
    VRAM:     8050 MB
    Driver:   27.21.14.6079
Initialize mono
Mono path[0] = 'C:/Program Files/Unity/Hub/Editor/2020.3.11f1/Editor/Data/Managed'
Mono path[1] = 'C:/Program Files/Unity/Hub/Editor/2020.3.11f1/Editor/Data/MonoBleedingEdge/lib/mono/unityjit'
Mono config path = 'C:/Program Files/Unity/Hub/Editor/2020.3.11f1/Editor/Data/MonoBleedingEdge/etc'
Using monoOptions --debugger-agent=transport=dt_socket,embedding=1,server=y,suspend=n,address=127.0.0.1:56384
Begin MonoManager ReloadAssembly
Registering precompiled unity dll's ...
Register platform support module: C:/Program Files/Unity/Hub/Editor/2020.3.11f1/Editor/Data/PlaybackEngines/WebGLSupport/UnityEditor.WebGL.Extensions.dll
Register platform support module: C:/Program Files/Unity/Hub/Editor/2020.3.11f1/Editor/Data/PlaybackEngines/MacStandaloneSupport/UnityEditor.OSXStandalone.Extensions.dll
Register platform support module: C:/Program Files/Unity/Hub/Editor/2020.3.11f1/Editor/Data/PlaybackEngines/WindowsStandaloneSupport/UnityEditor.WindowsStandalone.Extensions.dll
Register platform support module: C:/Program Files/Unity/Hub/Editor/2020.3.11f1/Editor/Data/PlaybackEngines/LinuxStandaloneSupport/UnityEditor.LinuxStandalone.Extensions.dll
Registered in 0.003412 seconds.
Native extension for LinuxStandalone target not found
Native extension for WindowsStandalone target not found
Native extension for OSXStandalone target not found
Native extension for WebGL target not found
Refreshing native plugins compatible for Editor in 52.65 ms, found 3 plugins.
Preloading 0 native plugins for Editor in 0.00 ms.
Mono: successfully reloaded assembly
- Completed reload, in  1.902 seconds
Platform modules already initialized, skipping
Registering precompiled user dll's ...
Registered in 0.004176 seconds.
Begin MonoManager ReloadAssembly
Native extension for LinuxStandalone target not found
Native extension for WindowsStandalone target not found
Native extension for OSXStandalone target not found
Native extension for WebGL target not found
Refreshing native plugins compatible for Editor in 55.85 ms, found 3 plugins.
Preloading 0 native plugins for Editor in 0.00 ms.
Mono: successfully reloaded assembly
- Completed reload, in  1.093 seconds
Platform modules already initialized, skipping
========================================================================
Worker process is ready to serve import requests
Launched and connected shader compiler UnityShaderCompiler.exe after 0.05 seconds
Refreshing native plugins compatible for Editor in 0.60 ms, found 3 plugins.
Preloading 0 native plugins for Editor in 0.00 ms.
Unloading 2589 Unused Serialized files (Serialized files now loaded: 0)
System memory in use before: 116.4 MB.
System memory in use after: 116.6 MB.

Unloading 30 unused Assets to reduce memory usage. Loaded Objects now: 3029.
Total: 2.397800 ms (FindLiveObjects: 0.293800 ms CreateObjectMapping: 0.136500 ms MarkObjects: 1.897800 ms  DeleteObjects: 0.068800 ms)

========================================================================
Received Import Request.
  path: Assets/Scripts/GameEvents/FeedingRoom.cs
  artifactKey: Guid(a270e86c657500f45b8675a748c67859) Importer(815301076,1909f56bfc062723c751e8b465ee728b)
Start importing Assets/Scripts/GameEvents/FeedingRoom.cs using Guid(a270e86c657500f45b8675a748c67859) Importer(815301076,1909f56bfc062723c751e8b465ee728b)  -> (artifact id: '0e5dea7b107c36a1a58082f1d8f99ee4') in 0.155436 seconds
  Import took 0.158748 seconds .

========================================================================
Received Prepare
Registering precompiled user dll's ...
Registered in 0.004593 seconds.
Begin MonoManager ReloadAssembly
Native extension for LinuxStandalone target not found
Native extension for WindowsStandalone target not found
Native extension for OSXStandalone target not found
Native extension for WebGL target not found
Refreshing native plugins compatible for Editor in 0.49 ms, found 3 plugins.
Preloading 0 native plugins for Editor in 0.00 ms.
Mono: successfully reloaded assembly
- Completed reload, in  1.084 seconds
Platform modules already initialized, skipping
Refreshing native plugins compatible for Editor in 0.51 ms, found 3 plugins.
Preloading 0 native plugins for Editor in 0.00 ms.
Unloading 2537 Unused Serialized files (Serialized files now loaded: 0)
System memory in use before: 112.2 MB.
System memory in use after: 112.4 MB.

Unloading 16 unused Assets to reduce memory usage. Loaded Objects now: 3033.
Total: 2.164300 ms (FindLiveObjects: 0.225500 ms CreateObjectMapping: 0.102300 ms MarkObjects: 1.819200 ms  DeleteObjects: 0.016300 ms)

========================================================================
Received Prepare
Registering precompiled user dll's ...
Registered in 0.006076 seconds.
Begin MonoManager ReloadAssembly
Native extension for LinuxStandalone target not found
Native extension for WindowsStandalone target not found
Native extension for OSXStandalone target not found
Native extension for WebGL target not found
Refreshing native plugins compatible for Editor in 0.52 ms, found 3 plugins.
Preloading 0 native plugins for Editor in 0.00 ms.
Mono: successfully reloaded assembly
- Completed reload, in  0.902 seconds
Platform modules already initialized, skipping
Refreshing native plugins compatible for Editor in 0.51 ms, found 3 plugins.
Preloading 0 native plugins for Editor in 0.00 ms.
Unloading 2537 Unused Serialized files (Serialized files now loaded: 0)
System memory in use before: 112.2 MB.
System memory in use after: 112.5 MB.

Unloading 16 unused Assets to reduce memory usage. Loaded Objects now: 3037.
Total: 2.142200 ms (FindLiveObjects: 0.251200 ms CreateObjectMapping: 0.105800 ms MarkObjects: 1.765900 ms  DeleteObjects: 0.018400 ms)

========================================================================
Received Import Request.
  Time since last request: 4442.450600 seconds.
  path: Assets/Scenes
  artifactKey: Guid(6753fbfc84c0cbc4284c5ec016a18934) Importer(815301076,1909f56bfc062723c751e8b465ee728b)
Start importing Assets/Scenes using Guid(6753fbfc84c0cbc4284c5ec016a18934) Importer(815301076,1909f56bfc062723c751e8b465ee728b)  -> (artifact id: 'a3f2dbbc556d5e1864d97deb1f363d3f') in 0.006402 seconds
  Import took 0.011002 seconds .

========================================================================
Received Import Request.
  Time since last request: 133.292493 seconds.
  path: Assets/Sprites/Girls/Deb/BellyLevels/Sittingbelly2.png
  artifactKey: Guid(41831d20d8a2cca448fb48610c737f8a) Importer(815301076,1909f56bfc062723c751e8b465ee728b)
Start importing Assets/Sprites/Girls/Deb/BellyLevels/Sittingbelly2.png using Guid(41831d20d8a2cca448fb48610c737f8a) Importer(815301076,1909f56bfc062723c751e8b465ee728b)  -> (artifact id: 'e5fdcca7565544555a9628112122b12b') in 0.187759 seconds
  Import took 0.192092 seconds .

========================================================================
Received Import Request.
  Time since last request: 0.000159 seconds.
  path: Assets/Sprites/Girls/Deb/BellyLevels/Sittingbelly10.png
  artifactKey: Guid(ff5c680de2f61594596c675c0d204fb0) Importer(815301076,1909f56bfc062723c751e8b465ee728b)
Start importing Assets/Sprites/Girls/Deb/BellyLevels/Sittingbelly10.png using Guid(ff5c680de2f61594596c675c0d204fb0) Importer(815301076,1909f56bfc062723c751e8b465ee728b)  -> (artifact id: '008cc1d1f4ec19398e1d516d194d677b') in 0.012072 seconds
  Import took 0.016046 seconds .

========================================================================
Received Import Request.
  Time since last request: 0.000200 seconds.
  path: Assets/Sprites/Girls/Deb/BellyLevels/Sittingbelly4.png
  artifactKey: Guid(3cc8b76c4a99f0b40acd7f27faded08e) Importer(815301076,1909f56bfc062723c751e8b465ee728b)
Start importing Assets/Sprites/Girls/Deb/BellyLevels/Sittingbelly4.png using Guid(3cc8b76c4a99f0b40acd7f27faded08e) Importer(815301076,1909f56bfc062723c751e8b465ee728b)  -> (artifact id: '51766bcec90d9195a818f27d7bd92892') in 0.011253 seconds
  Import took 0.015919 seconds .

========================================================================
Received Import Request.
  Time since last request: 0.000203 seconds.
  path: Assets/Sprites/Girls/Deb/BellyLevels/Sittingbelly12.png
  artifactKey: Guid(d5c439904550ec64c8d26ff1b1173ce0) Importer(815301076,1909f56bfc062723c751e8b465ee728b)
Start importing Assets/Sprites/Girls/Deb/BellyLevels/Sittingbelly12.png using Guid(d5c439904550ec64c8d26ff1b1173ce0) Importer(815301076,1909f56bfc062723c751e8b465ee728b)  -> (artifact id: '0c4dacabae9474c1bbbfe0c88ee6956e') in 0.010180 seconds
  Import took 0.013478 seconds .

========================================================================
Received Import Request.
  Time since last request: 0.000192 seconds.
  path: Assets/Sprites/Girls/Deb/BellyLevels/Sittingbelly19.png
  artifactKey: Guid(483b3a1fd007f9e4db44dc58a57f713c) Importer(815301076,1909f56bfc062723c751e8b465ee728b)
Start importing Assets/Sprites/Girls/Deb/BellyLevels/Sittingbelly19.png using Guid(483b3a1fd007f9e4db44dc58a57f713c) Importer(815301076,1909f56bfc062723c751e8b465ee728b)  -> (artifact id: '7dcf2c305d75fe6b2b60c66cf809de1c') in 0.010607 seconds
  Import took 0.013621 seconds .

========================================================================
Received Import Request.
  Time since last request: 0.000171 seconds.
  path: Assets/Sprites/Girls/Deb/BellyLevels/Sittingbelly5.png
  artifactKey: Guid(57ebe5b1c394d034693f9fdad5ce1adc) Importer(815301076,1909f56bfc062723c751e8b465ee728b)
Start importing Assets/Sprites/Girls/Deb/BellyLevels/Sittingbelly5.png using Guid(57ebe5b1c394d034693f9fdad5ce1adc) Importer(815301076,1909f56bfc062723c751e8b465ee728b)  -> (artifact id: '929a2420723f7eaabd9213fd1fed20c9') in 0.009171 seconds
  Import took 0.013617 seconds .

========================================================================
Received Import Request.
  Time since last request: 0.000222 seconds.
  path: Assets/Sprites/Girls/Deb/BellyLevels/Sittingbelly13.png
  artifactKey: Guid(7ed2c650604c8ba4db501b0d443b0c8b) Importer(815301076,1909f56bfc062723c751e8b465ee728b)
Start importing Assets/Sprites/Girls/Deb/BellyLevels/Sittingbelly13.png using Guid(7ed2c650604c8ba4db501b0d443b0c8b) Importer(815301076,1909f56bfc062723c751e8b465ee728b)  -> (artifact id: 'd567618c8b49cf35c7aa779ff08b3257') in 0.013802 seconds
  Import took 0.019677 seconds .

========================================================================
Received Import Request.
  Time since last request: 0.000244 seconds.
  path: Assets/Sprites/Girls/Deb/BellyLevels/Sittingfullbelly.png
  artifactKey: Guid(91067ff0c37035e42be3f55a64e7616c) Importer(815301076,1909f56bfc062723c751e8b465ee728b)
Start importing Assets/Sprites/Girls/Deb/BellyLevels/Sittingfullbelly.png using Guid(91067ff0c37035e42be3f55a64e7616c) Importer(815301076,1909f56bfc062723c751e8b465ee728b)  -> (artifact id: '7efd159544d915dab0d9c10dcded79da') in 0.015731 seconds
  Import took 0.022602 seconds .

========================================================================
Received Import Request.
  Time since last request: 0.000258 seconds.
  path: Assets/Sprites/Girls/Deb/BellyLevels/Sittingbelly16.png
  artifactKey: Guid(729e75fdc2dd7c54292d4811e3b1ffdb) Importer(815301076,1909f56bfc062723c751e8b465ee728b)
Start importing Assets/Sprites/Girls/Deb/BellyLevels/Sittingbelly16.png using Guid(729e75fdc2dd7c54292d4811e3b1ffdb) Importer(815301076,1909f56bfc062723c751e8b465ee728b)  -> (artifact id: 'a4d94519bb0717fbe3ac9662eceb0085') in 0.013107 seconds
  Import took 0.020010 seconds .

========================================================================
Received Import Request.
  Time since last request: 0.000305 seconds.
  path: Assets/Sprites/Girls/Deb/BellyLevels/Sittingbelly7.png
  artifactKey: Guid(71f70a98d2650554a91856dc3eac7459) Importer(815301076,1909f56bfc062723c751e8b465ee728b)
Start importing Assets/Sprites/Girls/Deb/BellyLevels/Sittingbelly7.png using Guid(71f70a98d2650554a91856dc3eac7459) Importer(815301076,1909f56bfc062723c751e8b465ee728b)  -> (artifact id: '1f70ba84f3c0fad1594c164a698d65e1') in 0.015446 seconds
  Import took 0.021488 seconds .

========================================================================
Received Import Request.
  Time since last request: 0.000233 seconds.
  path: Assets/Sprites/Girls/Deb/BellyLevels/Sittingbelly15.png
  artifactKey: Guid(7d1c73fd16e8dce4baa3d9a2b469308a) Importer(815301076,1909f56bfc062723c751e8b465ee728b)
Start importing Assets/Sprites/Girls/Deb/BellyLevels/Sittingbelly15.png using Guid(7d1c73fd16e8dce4baa3d9a2b469308a) Importer(815301076,1909f56bfc062723c751e8b465ee728b)  -> (artifact id: '3a0c008c75b8ad59b00e1f7cb65ec912') in 0.015101 seconds
  Import took 0.020529 seconds .

========================================================================
Received Import Request.
  Time since last request: 0.000161 seconds.
  path: Assets/Sprites/Girls/Deb/BellyLevels/Sittingbelly11.png
  artifactKey: Guid(1fa7ad02e3887d345bcfadf2a63c8573) Importer(815301076,1909f56bfc062723c751e8b465ee728b)
Start importing Assets/Sprites/Girls/Deb/BellyLevels/Sittingbelly11.png using Guid(1fa7ad02e3887d345bcfadf2a63c8573) Importer(815301076,1909f56bfc062723c751e8b465ee728b)  -> (artifact id: 'e7b1fb63b6651e486b79981e6b0a37bc') in 0.014194 seconds
  Import took 0.019384 seconds .

========================================================================
Received Import Request.
  Time since last request: 0.000163 seconds.
  path: Assets/Sprites/Girls/Deb/BellyLevels/Sittingbelly18.png
  artifactKey: Guid(400ffd7d0f704ff449703c4a2f5a8afd) Importer(815301076,1909f56bfc062723c751e8b465ee728b)
Start importing Assets/Sprites/Girls/Deb/BellyLevels/Sittingbelly18.png using Guid(400ffd7d0f704ff449703c4a2f5a8afd) Importer(815301076,1909f56bfc062723c751e8b465ee728b)  -> (artifact id: 'c93dfe97e587c8e06bf494bea57abdfb') in 0.015012 seconds
  Import took 0.020446 seconds .

========================================================================
Received Import Request.
  Time since last request: 0.000175 seconds.
  path: Assets/Sprites/Girls/Deb/BellyLevels/Sittingbelly6.png
  artifactKey: Guid(0bf3f573783b16949bb996544ab75a1e) Importer(815301076,1909f56bfc062723c751e8b465ee728b)
Start importing Assets/Sprites/Girls/Deb/BellyLevels/Sittingbelly6.png using Guid(0bf3f573783b16949bb996544ab75a1e) Importer(815301076,1909f56bfc062723c751e8b465ee728b)  -> (artifact id: '12ad3f9c28034d658c7fd0689b58dbb3') in 0.015421 seconds
  Import took 0.020889 seconds .

========================================================================
Received Import Request.
  Time since last request: 0.000221 seconds.
  path: Assets/Sprites/Girls/Deb/BellyLevels/Sittingbelly17.png
  artifactKey: Guid(c9968ce975e6e0344b4daf4e0f7d5eb8) Importer(815301076,1909f56bfc062723c751e8b465ee728b)
Start importing Assets/Sprites/Girls/Deb/BellyLevels/Sittingbelly17.png using Guid(c9968ce975e6e0344b4daf4e0f7d5eb8) Importer(815301076,1909f56bfc062723c751e8b465ee728b)  -> (artifact id: '38a9521a3605553c798397a200653987') in 0.014004 seconds
  Import took 0.020208 seconds .

========================================================================
Received Import Request.
  Time since last request: 0.000197 seconds.
  path: Assets/Sprites/Girls/Deb/BellyLevels/Sittingbelly9.png
  artifactKey: Guid(7c1a1723e0bcc414294d1ec7e3f1fba0) Importer(815301076,1909f56bfc062723c751e8b465ee728b)
Start importing Assets/Sprites/Girls/Deb/BellyLevels/Sittingbelly9.png using Guid(7c1a1723e0bcc414294d1ec7e3f1fba0) Importer(815301076,1909f56bfc062723c751e8b465ee728b)  -> (artifact id: 'ed3ad9aa1c1e5595150cd020a9394ccd') in 0.011667 seconds
  Import took 0.016677 seconds .

========================================================================
Received Import Request.
  Time since last request: 0.000169 seconds.
  path: Assets/Sprites/Girls/Deb/BellyLevels/Sittingbelly3.png
  artifactKey: Guid(e1217ebab0f8be641ba2cf9164462c22) Importer(815301076,1909f56bfc062723c751e8b465ee728b)
Start importing Assets/Sprites/Girls/Deb/BellyLevels/Sittingbelly3.png using Guid(e1217ebab0f8be641ba2cf9164462c22) Importer(815301076,1909f56bfc062723c751e8b465ee728b)  -> (artifact id: 'da0a63274cfc97d00896a5a0c082ef13') in 0.010697 seconds
  Import took 0.015363 seconds .

========================================================================
Received Import Request.
  Time since last request: 0.000160 seconds.
  path: Assets/Sprites/Girls/Deb/BellyLevels/Sittingbelly14.png
  artifactKey: Guid(af20dad183af16b4f984b79ce3be0737) Importer(815301076,1909f56bfc062723c751e8b465ee728b)
Start importing Assets/Sprites/Girls/Deb/BellyLevels/Sittingbelly14.png using Guid(af20dad183af16b4f984b79ce3be0737) Importer(815301076,1909f56bfc062723c751e8b465ee728b)  -> (artifact id: '7af178355c750a2b7b6459af1866df76') in 0.011273 seconds
  Import took 0.015486 seconds .

========================================================================
Received Import Request.
  Time since last request: 0.000150 seconds.
  path: Assets/Sprites/Girls/Deb/BellyLevels/Sittingbelly8.png
  artifactKey: Guid(b6dc2b2ee16a2244fbdf7def6f67dddd) Importer(815301076,1909f56bfc062723c751e8b465ee728b)
Start importing Assets/Sprites/Girls/Deb/BellyLevels/Sittingbelly8.png using Guid(b6dc2b2ee16a2244fbdf7def6f67dddd) Importer(815301076,1909f56bfc062723c751e8b465ee728b)  -> (artifact id: '0ac3f7a3ba6ec41b36bcb39958fcddf7') in 0.011495 seconds
  Import took 0.016005 seconds .

========================================================================
Received Prepare
Registering precompiled user dll's ...
Registered in 0.006206 seconds.
Begin MonoManager ReloadAssembly
Native extension for LinuxStandalone target not found
Native extension for WindowsStandalone target not found
Native extension for OSXStandalone target not found
Native extension for WebGL target not found
Refreshing native plugins compatible for Editor in 0.56 ms, found 3 plugins.
Preloading 0 native plugins for Editor in 0.00 ms.
Mono: successfully reloaded assembly
- Completed reload, in  1.056 seconds
Platform modules already initialized, skipping
Refreshing native plugins compatible for Editor in 0.61 ms, found 3 plugins.
Preloading 0 native plugins for Editor in 0.00 ms.
Unloading 2537 Unused Serialized files (Serialized files now loaded: 0)
System memory in use before: 115.3 MB.
System memory in use after: 115.6 MB.

Unloading 16 unused Assets to reduce memory usage. Loaded Objects now: 3047.
Total: 2.574300 ms (FindLiveObjects: 0.288200 ms CreateObjectMapping: 0.108300 ms MarkObjects: 2.159500 ms  DeleteObjects: 0.017100 ms)

========================================================================
Received Prepare
Registering precompiled user dll's ...
Registered in 0.004012 seconds.
Begin MonoManager ReloadAssembly
Native extension for LinuxStandalone target not found
Native extension for WindowsStandalone target not found
Native extension for OSXStandalone target not found
Native extension for WebGL target not found
Refreshing native plugins compatible for Editor in 0.49 ms, found 3 plugins.
Preloading 0 native plugins for Editor in 0.00 ms.
Mono: successfully reloaded assembly
- Completed reload, in  0.896 seconds
Platform modules already initialized, skipping
Refreshing native plugins compatible for Editor in 0.49 ms, found 3 plugins.
Preloading 0 native plugins for Editor in 0.00 ms.
Unloading 2537 Unused Serialized files (Serialized files now loaded: 0)
System memory in use before: 115.4 MB.
System memory in use after: 115.6 MB.

Unloading 16 unused Assets to reduce memory usage. Loaded Objects now: 3051.
Total: 2.215400 ms (FindLiveObjects: 0.243300 ms CreateObjectMapping: 0.120500 ms MarkObjects: 1.836100 ms  DeleteObjects: 0.014700 ms)

========================================================================
Received Prepare
Registering precompiled user dll's ...
Registered in 0.005463 seconds.
Begin MonoManager ReloadAssembly
Native extension for LinuxStandalone target not found
Native extension for WindowsStandalone target not found
Native extension for OSXStandalone target not found
Native extension for WebGL target not found
Refreshing native plugins compatible for Editor in 0.57 ms, found 3 plugins.
Preloading 0 native plugins for Editor in 0.00 ms.
Mono: successfully reloaded assembly
- Completed reload, in  1.019 seconds
Platform modules already initialized, skipping
Refreshing native plugins compatible for Editor in 0.60 ms, found 3 plugins.
Preloading 0 native plugins for Editor in 0.00 ms.
Unloading 2537 Unused Serialized files (Serialized files now loaded: 0)
System memory in use before: 115.3 MB.
System memory in use after: 115.5 MB.

Unloading 16 unused Assets to reduce memory usage. Loaded Objects now: 3055.
Total: 2.446200 ms (FindLiveObjects: 0.229300 ms CreateObjectMapping: 0.112600 ms MarkObjects: 2.079700 ms  DeleteObjects: 0.023500 ms)

========================================================================
Received Import Request.
  Time since last request: 1847.454121 seconds.
  path: Assets/Script/Shops&Services.txt
  artifactKey: Guid(3bd9582bf1408e14ba6fa2082caad1af) Importer(815301076,1909f56bfc062723c751e8b465ee728b)
Start importing Assets/Script/Shops&Services.txt using Guid(3bd9582bf1408e14ba6fa2082caad1af) Importer(815301076,1909f56bfc062723c751e8b465ee728b)  -> (artifact id: 'e9dbc4ea0dae72d3a66c2e4368d770bb') in 0.028283 seconds
  Import took 0.033686 seconds .

========================================================================
Received Prepare
Registering precompiled user dll's ...
Registered in 0.003994 seconds.
Begin MonoManager ReloadAssembly
Native extension for LinuxStandalone target not found
Native extension for WindowsStandalone target not found
Native extension for OSXStandalone target not found
Native extension for WebGL target not found
Refreshing native plugins compatible for Editor in 0.55 ms, found 3 plugins.
Preloading 0 native plugins for Editor in 0.00 ms.
Mono: successfully reloaded assembly
- Completed reload, in  1.022 seconds
Platform modules already initialized, skipping
Refreshing native plugins compatible for Editor in 0.55 ms, found 3 plugins.
Preloading 0 native plugins for Editor in 0.00 ms.
Unloading 2537 Unused Serialized files (Serialized files now loaded: 0)
System memory in use before: 115.4 MB.
System memory in use after: 115.6 MB.

Unloading 16 unused Assets to reduce memory usage. Loaded Objects now: 3059.
Total: 2.517700 ms (FindLiveObjects: 0.235100 ms CreateObjectMapping: 0.101900 ms MarkObjects: 2.157400 ms  DeleteObjects: 0.022300 ms)

========================================================================
Received Prepare
Registering precompiled user dll's ...
Registered in 0.004983 seconds.
Begin MonoManager ReloadAssembly
Native extension for LinuxStandalone target not found
Native extension for WindowsStandalone target not found
Native extension for OSXStandalone target not found
Native extension for WebGL target not found
Refreshing native plugins compatible for Editor in 0.49 ms, found 3 plugins.
Preloading 0 native plugins for Editor in 0.00 ms.
Mono: successfully reloaded assembly
- Completed reload, in  0.897 seconds
Platform modules already initialized, skipping
Refreshing native plugins compatible for Editor in 0.49 ms, found 3 plugins.
Preloading 0 native plugins for Editor in 0.00 ms.
Unloading 2537 Unused Serialized files (Serialized files now loaded: 0)
System memory in use before: 115.4 MB.
System memory in use after: 115.6 MB.

Unloading 16 unused Assets to reduce memory usage. Loaded Objects now: 3063.
Total: 2.092700 ms (FindLiveObjects: 0.238400 ms CreateObjectMapping: 0.095600 ms MarkObjects: 1.741100 ms  DeleteObjects: 0.016900 ms)

========================================================================
Received Prepare
Registering precompiled user dll's ...
Registered in 0.003967 seconds.
Begin MonoManager ReloadAssembly
Native extension for LinuxStandalone target not found
Native extension for WindowsStandalone target not found
Native extension for OSXStandalone target not found
Native extension for WebGL target not found
Refreshing native plugins compatible for Editor in 0.54 ms, found 3 plugins.
Preloading 0 native plugins for Editor in 0.00 ms.
Mono: successfully reloaded assembly
- Completed reload, in  0.986 seconds
Platform modules already initialized, skipping
Refreshing native plugins compatible for Editor in 1.03 ms, found 3 plugins.
Preloading 0 native plugins for Editor in 0.00 ms.
Unloading 2537 Unused Serialized files (Serialized files now loaded: 0)
System memory in use before: 115.4 MB.
System memory in use after: 115.6 MB.

Unloading 16 unused Assets to reduce memory usage. Loaded Objects now: 3067.
Total: 3.321800 ms (FindLiveObjects: 0.273700 ms CreateObjectMapping: 0.135200 ms MarkObjects: 2.882800 ms  DeleteObjects: 0.029000 ms)

========================================================================
Received Prepare
Registering precompiled user dll's ...
Registered in 0.004469 seconds.
Begin MonoManager ReloadAssembly
Native extension for LinuxStandalone target not found
Native extension for WindowsStandalone target not found
Native extension for OSXStandalone target not found
Native extension for WebGL target not found
Refreshing native plugins compatible for Editor in 0.51 ms, found 3 plugins.
Preloading 0 native plugins for Editor in 0.00 ms.
Mono: successfully reloaded assembly
- Completed reload, in  0.988 seconds
Platform modules already initialized, skipping
Refreshing native plugins compatible for Editor in 0.49 ms, found 3 plugins.
Preloading 0 native plugins for Editor in 0.00 ms.
Unloading 2537 Unused Serialized files (Serialized files now loaded: 0)
System memory in use before: 115.4 MB.
System memory in use after: 115.6 MB.

Unloading 16 unused Assets to reduce memory usage. Loaded Objects now: 3071.
Total: 2.606900 ms (FindLiveObjects: 0.316400 ms CreateObjectMapping: 0.147600 ms MarkObjects: 2.123500 ms  DeleteObjects: 0.018400 ms)

========================================================================
Received Prepare
Registering precompiled user dll's ...
Registered in 0.005768 seconds.
Begin MonoManager ReloadAssembly
Native extension for LinuxStandalone target not found
Native extension for WindowsStandalone target not found
Native extension for OSXStandalone target not found
Native extension for WebGL target not found
Refreshing native plugins compatible for Editor in 0.51 ms, found 3 plugins.
Preloading 0 native plugins for Editor in 0.00 ms.
Mono: successfully reloaded assembly
- Completed reload, in  0.903 seconds
Platform modules already initialized, skipping
Refreshing native plugins compatible for Editor in 0.53 ms, found 3 plugins.
Preloading 0 native plugins for Editor in 0.00 ms.
Unloading 2537 Unused Serialized files (Serialized files now loaded: 0)
System memory in use before: 115.3 MB.
System memory in use after: 115.5 MB.

Unloading 16 unused Assets to reduce memory usage. Loaded Objects now: 3075.
Total: 2.293500 ms (FindLiveObjects: 0.236400 ms CreateObjectMapping: 0.123000 ms MarkObjects: 1.917300 ms  DeleteObjects: 0.015800 ms)

========================================================================
Received Prepare
Registering precompiled user dll's ...
Registered in 0.004067 seconds.
Begin MonoManager ReloadAssembly
Native extension for LinuxStandalone target not found
Native extension for WindowsStandalone target not found
Native extension for OSXStandalone target not found
Native extension for WebGL target not found
Refreshing native plugins compatible for Editor in 0.53 ms, found 3 plugins.
Preloading 0 native plugins for Editor in 0.00 ms.
Mono: successfully reloaded assembly
- Completed reload, in  0.996 seconds
Platform modules already initialized, skipping
Refreshing native plugins compatible for Editor in 0.87 ms, found 3 plugins.
Preloading 0 native plugins for Editor in 0.00 ms.
Unloading 2537 Unused Serialized files (Serialized files now loaded: 0)
System memory in use before: 115.4 MB.
System memory in use after: 115.6 MB.

Unloading 16 unused Assets to reduce memory usage. Loaded Objects now: 3079.
Total: 3.195900 ms (FindLiveObjects: 0.314400 ms CreateObjectMapping: 0.163100 ms MarkObjects: 2.694700 ms  DeleteObjects: 0.022400 ms)

========================================================================
Received Import Request.
  Time since last request: 869.367083 seconds.
  path: Assets/Script/Deb Dialouge.txt
  artifactKey: Guid(e338eadb667ff32429a2249ac6f818b1) Importer(815301076,1909f56bfc062723c751e8b465ee728b)
Start importing Assets/Script/Deb Dialouge.txt using Guid(e338eadb667ff32429a2249ac6f818b1) Importer(815301076,1909f56bfc062723c751e8b465ee728b)  -> (artifact id: 'caa2b91f1b702b378462b55173d69f2c') in 0.027364 seconds
  Import took 0.031714 seconds .

========================================================================
Received Prepare
Registering precompiled user dll's ...
Registered in 0.003976 seconds.
Begin MonoManager ReloadAssembly
Native extension for LinuxStandalone target not found
Native extension for WindowsStandalone target not found
Native extension for OSXStandalone target not found
Native extension for WebGL target not found
Refreshing native plugins compatible for Editor in 0.54 ms, found 3 plugins.
Preloading 0 native plugins for Editor in 0.00 ms.
Mono: successfully reloaded assembly
- Completed reload, in  0.985 seconds
Platform modules already initialized, skipping
Refreshing native plugins compatible for Editor in 0.54 ms, found 3 plugins.
Preloading 0 native plugins for Editor in 0.00 ms.
Unloading 2537 Unused Serialized files (Serialized files now loaded: 0)
System memory in use before: 115.4 MB.
System memory in use after: 115.7 MB.

Unloading 16 unused Assets to reduce memory usage. Loaded Objects now: 3083.
Total: 2.780800 ms (FindLiveObjects: 0.263600 ms CreateObjectMapping: 0.091500 ms MarkObjects: 2.400300 ms  DeleteObjects: 0.024200 ms)

========================================================================
Received Prepare
Registering precompiled user dll's ...
Registered in 0.004095 seconds.
Begin MonoManager ReloadAssembly
Native extension for LinuxStandalone target not found
Native extension for WindowsStandalone target not found
Native extension for OSXStandalone target not found
Native extension for WebGL target not found
Refreshing native plugins compatible for Editor in 0.49 ms, found 3 plugins.
Preloading 0 native plugins for Editor in 0.00 ms.
Mono: successfully reloaded assembly
- Completed reload, in  0.873 seconds
Platform modules already initialized, skipping
Refreshing native plugins compatible for Editor in 0.51 ms, found 3 plugins.
Preloading 0 native plugins for Editor in 0.00 ms.
Unloading 2537 Unused Serialized files (Serialized files now loaded: 0)
System memory in use before: 115.4 MB.
System memory in use after: 115.7 MB.

Unloading 16 unused Assets to reduce memory usage. Loaded Objects now: 3087.
Total: 2.461500 ms (FindLiveObjects: 0.262600 ms CreateObjectMapping: 0.199400 ms MarkObjects: 1.982700 ms  DeleteObjects: 0.015900 ms)

========================================================================
Received Prepare
Refreshing native plugins compatible for Editor in 3.52 ms, found 3 plugins.
Preloading 0 native plugins for Editor in 0.00 ms.
Unloading 14 Unused Serialized files (Serialized files now loaded: 0)
System memory in use before: 65.6 MB.
System memory in use after: 65.8 MB.

Unloading 14 unused Assets to reduce memory usage. Loaded Objects now: 3087.
Total: 3.138700 ms (FindLiveObjects: 0.239800 ms CreateObjectMapping: 0.111700 ms MarkObjects: 2.768500 ms  DeleteObjects: 0.017700 ms)

========================================================================
Received Prepare
Refreshing native plugins compatible for Editor in 3.50 ms, found 3 plugins.
Preloading 0 native plugins for Editor in 0.00 ms.
Unloading 14 Unused Serialized files (Serialized files now loaded: 0)
System memory in use before: 65.6 MB.
System memory in use after: 65.8 MB.

Unloading 14 unused Assets to reduce memory usage. Loaded Objects now: 3087.
Total: 2.749000 ms (FindLiveObjects: 0.218100 ms CreateObjectMapping: 0.116200 ms MarkObjects: 2.402000 ms  DeleteObjects: 0.012100 ms)

========================================================================
Received Prepare
Registering precompiled user dll's ...
Registered in 0.003998 seconds.
Begin MonoManager ReloadAssembly
Native extension for LinuxStandalone target not found
Native extension for WindowsStandalone target not found
Native extension for OSXStandalone target not found
Native extension for WebGL target not found
Refreshing native plugins compatible for Editor in 0.50 ms, found 3 plugins.
Preloading 0 native plugins for Editor in 0.00 ms.
Mono: successfully reloaded assembly
- Completed reload, in  0.923 seconds
Platform modules already initialized, skipping
Refreshing native plugins compatible for Editor in 0.49 ms, found 3 plugins.
Preloading 0 native plugins for Editor in 0.00 ms.
Unloading 2537 Unused Serialized files (Serialized files now loaded: 0)
System memory in use before: 115.5 MB.
System memory in use after: 115.7 MB.

Unloading 16 unused Assets to reduce memory usage. Loaded Objects now: 3091.
Total: 2.555100 ms (FindLiveObjects: 0.322000 ms CreateObjectMapping: 0.140900 ms MarkObjects: 2.067900 ms  DeleteObjects: 0.023500 ms)

========================================================================
Received Prepare
Registering precompiled user dll's ...
Registered in 0.004491 seconds.
Begin MonoManager ReloadAssembly
Native extension for LinuxStandalone target not found
Native extension for WindowsStandalone target not found
Native extension for OSXStandalone target not found
Native extension for WebGL target not found
Refreshing native plugins compatible for Editor in 0.49 ms, found 3 plugins.
Preloading 0 native plugins for Editor in 0.00 ms.
Mono: successfully reloaded assembly
- Completed reload, in  0.919 seconds
Platform modules already initialized, skipping
Refreshing native plugins compatible for Editor in 0.78 ms, found 3 plugins.
Preloading 0 native plugins for Editor in 0.00 ms.
Unloading 2537 Unused Serialized files (Serialized files now loaded: 0)
System memory in use before: 115.4 MB.
System memory in use after: 115.6 MB.

Unloading 16 unused Assets to reduce memory usage. Loaded Objects now: 3095.
Total: 2.784200 ms (FindLiveObjects: 0.313500 ms CreateObjectMapping: 0.141200 ms MarkObjects: 2.305500 ms  DeleteObjects: 0.022900 ms)

========================================================================
Received Prepare
Refreshing native plugins compatible for Editor in 3.75 ms, found 3 plugins.
Preloading 0 native plugins for Editor in 0.00 ms.
Unloading 14 Unused Serialized files (Serialized files now loaded: 0)
System memory in use before: 65.6 MB.
System memory in use after: 65.8 MB.

Unloading 14 unused Assets to reduce memory usage. Loaded Objects now: 3095.
Total: 2.653900 ms (FindLiveObjects: 0.220900 ms CreateObjectMapping: 0.092900 ms MarkObjects: 2.318400 ms  DeleteObjects: 0.020900 ms)

========================================================================
Received Prepare
Registering precompiled user dll's ...
Registered in 0.005181 seconds.
Begin MonoManager ReloadAssembly
Native extension for LinuxStandalone target not found
Native extension for WindowsStandalone target not found
Native extension for OSXStandalone target not found
Native extension for WebGL target not found
Refreshing native plugins compatible for Editor in 0.54 ms, found 3 plugins.
Preloading 0 native plugins for Editor in 0.00 ms.
Mono: successfully reloaded assembly
- Completed reload, in  1.078 seconds
Platform modules already initialized, skipping
Refreshing native plugins compatible for Editor in 0.65 ms, found 3 plugins.
Preloading 0 native plugins for Editor in 0.00 ms.
Unloading 2537 Unused Serialized files (Serialized files now loaded: 0)
System memory in use before: 115.5 MB.
System memory in use after: 115.7 MB.

Unloading 16 unused Assets to reduce memory usage. Loaded Objects now: 3099.
Total: 2.416000 ms (FindLiveObjects: 0.266600 ms CreateObjectMapping: 0.110400 ms MarkObjects: 2.019600 ms  DeleteObjects: 0.018000 ms)

========================================================================
Received Prepare
Registering precompiled user dll's ...
Registered in 0.004143 seconds.
Begin MonoManager ReloadAssembly
Native extension for LinuxStandalone target not found
Native extension for WindowsStandalone target not found
Native extension for OSXStandalone target not found
Native extension for WebGL target not found
Refreshing native plugins compatible for Editor in 0.51 ms, found 3 plugins.
Preloading 0 native plugins for Editor in 0.00 ms.
Mono: successfully reloaded assembly
- Completed reload, in  0.919 seconds
Platform modules already initialized, skipping
Refreshing native plugins compatible for Editor in 0.50 ms, found 3 plugins.
Preloading 0 native plugins for Editor in 0.00 ms.
Unloading 2537 Unused Serialized files (Serialized files now loaded: 0)
System memory in use before: 115.5 MB.
System memory in use after: 115.7 MB.

Unloading 16 unused Assets to reduce memory usage. Loaded Objects now: 3103.
Total: 2.348900 ms (FindLiveObjects: 0.262100 ms CreateObjectMapping: 0.125700 ms MarkObjects: 1.944000 ms  DeleteObjects: 0.016200 ms)

========================================================================
Received Prepare
Registering precompiled user dll's ...
Registered in 0.003940 seconds.
Begin MonoManager ReloadAssembly
Native extension for LinuxStandalone target not found
Native extension for WindowsStandalone target not found
Native extension for OSXStandalone target not found
Native extension for WebGL target not found
Refreshing native plugins compatible for Editor in 0.49 ms, found 3 plugins.
Preloading 0 native plugins for Editor in 0.00 ms.
Mono: successfully reloaded assembly
- Completed reload, in  0.923 seconds
Platform modules already initialized, skipping
Refreshing native plugins compatible for Editor in 0.49 ms, found 3 plugins.
Preloading 0 native plugins for Editor in 0.00 ms.
Unloading 2537 Unused Serialized files (Serialized files now loaded: 0)
System memory in use before: 115.5 MB.
System memory in use after: 115.7 MB.

Unloading 16 unused Assets to reduce memory usage. Loaded Objects now: 3107.
Total: 2.176100 ms (FindLiveObjects: 0.228800 ms CreateObjectMapping: 0.100400 ms MarkObjects: 1.828400 ms  DeleteObjects: 0.017700 ms)

========================================================================
Received Prepare
Registering precompiled user dll's ...
Registered in 0.004215 seconds.
Begin MonoManager ReloadAssembly
Native extension for LinuxStandalone target not found
Native extension for WindowsStandalone target not found
Native extension for OSXStandalone target not found
Native extension for WebGL target not found
Refreshing native plugins compatible for Editor in 0.87 ms, found 3 plugins.
Preloading 0 native plugins for Editor in 0.00 ms.
Mono: successfully reloaded assembly
- Completed reload, in  0.921 seconds
Platform modules already initialized, skipping
Refreshing native plugins compatible for Editor in 0.53 ms, found 3 plugins.
Preloading 0 native plugins for Editor in 0.00 ms.
Unloading 2537 Unused Serialized files (Serialized files now loaded: 0)
System memory in use before: 115.5 MB.
System memory in use after: 115.7 MB.

Unloading 16 unused Assets to reduce memory usage. Loaded Objects now: 3111.
Total: 3.248400 ms (FindLiveObjects: 0.325100 ms CreateObjectMapping: 0.196800 ms MarkObjects: 2.702100 ms  DeleteObjects: 0.022800 ms)

========================================================================
Received Prepare
Registering precompiled user dll's ...
Registered in 0.004851 seconds.
Begin MonoManager ReloadAssembly
Native extension for LinuxStandalone target not found
Native extension for WindowsStandalone target not found
Native extension for OSXStandalone target not found
Native extension for WebGL target not found
Refreshing native plugins compatible for Editor in 0.83 ms, found 3 plugins.
Preloading 0 native plugins for Editor in 0.00 ms.
Mono: successfully reloaded assembly
- Completed reload, in  1.056 seconds
Platform modules already initialized, skipping
Refreshing native plugins compatible for Editor in 0.57 ms, found 3 plugins.
Preloading 0 native plugins for Editor in 0.00 ms.
Unloading 2537 Unused Serialized files (Serialized files now loaded: 0)
System memory in use before: 115.4 MB.
System memory in use after: 115.7 MB.

Unloading 16 unused Assets to reduce memory usage. Loaded Objects now: 3115.
Total: 2.467700 ms (FindLiveObjects: 0.304500 ms CreateObjectMapping: 0.125200 ms MarkObjects: 2.012700 ms  DeleteObjects: 0.024300 ms)

========================================================================
Received Prepare
Registering precompiled user dll's ...
Registered in 0.004722 seconds.
Begin MonoManager ReloadAssembly
Native extension for LinuxStandalone target not found
Native extension for WindowsStandalone target not found
Native extension for OSXStandalone target not found
Native extension for WebGL target not found
Refreshing native plugins compatible for Editor in 0.51 ms, found 3 plugins.
Preloading 0 native plugins for Editor in 0.00 ms.
Mono: successfully reloaded assembly
- Completed reload, in  1.010 seconds
Platform modules already initialized, skipping
Refreshing native plugins compatible for Editor in 0.52 ms, found 3 plugins.
Preloading 0 native plugins for Editor in 0.00 ms.
Unloading 2537 Unused Serialized files (Serialized files now loaded: 0)
System memory in use before: 115.5 MB.
System memory in use after: 115.8 MB.

Unloading 16 unused Assets to reduce memory usage. Loaded Objects now: 3119.
Total: 2.610100 ms (FindLiveObjects: 0.259100 ms CreateObjectMapping: 0.106300 ms MarkObjects: 2.221600 ms  DeleteObjects: 0.022200 ms)

========================================================================
Received Prepare
Registering precompiled user dll's ...
Registered in 0.004119 seconds.
Begin MonoManager ReloadAssembly
Native extension for LinuxStandalone target not found
Native extension for WindowsStandalone target not found
Native extension for OSXStandalone target not found
Native extension for WebGL target not found
Refreshing native plugins compatible for Editor in 1.01 ms, found 3 plugins.
Preloading 0 native plugins for Editor in 0.00 ms.
Mono: successfully reloaded assembly
- Completed reload, in  0.935 seconds
Platform modules already initialized, skipping
Refreshing native plugins compatible for Editor in 0.54 ms, found 3 plugins.
Preloading 0 native plugins for Editor in 0.00 ms.
Unloading 2537 Unused Serialized files (Serialized files now loaded: 0)
System memory in use before: 115.5 MB.
System memory in use after: 115.8 MB.

Unloading 16 unused Assets to reduce memory usage. Loaded Objects now: 3123.
Total: 2.260400 ms (FindLiveObjects: 0.225600 ms CreateObjectMapping: 0.100000 ms MarkObjects: 1.917400 ms  DeleteObjects: 0.016700 ms)

========================================================================
Received Prepare
Registering precompiled user dll's ...
Registered in 0.007062 seconds.
Begin MonoManager ReloadAssembly
Native extension for LinuxStandalone target not found
Native extension for WindowsStandalone target not found
Native extension for OSXStandalone target not found
Native extension for WebGL target not found
Refreshing native plugins compatible for Editor in 0.93 ms, found 3 plugins.
Preloading 0 native plugins for Editor in 0.00 ms.
Mono: successfully reloaded assembly
- Completed reload, in  1.083 seconds
Platform modules already initialized, skipping
Refreshing native plugins compatible for Editor in 0.50 ms, found 3 plugins.
Preloading 0 native plugins for Editor in 0.00 ms.
Unloading 2537 Unused Serialized files (Serialized files now loaded: 0)
System memory in use before: 115.5 MB.
System memory in use after: 115.8 MB.

Unloading 16 unused Assets to reduce memory usage. Loaded Objects now: 3127.
Total: 2.701400 ms (FindLiveObjects: 0.272600 ms CreateObjectMapping: 0.134000 ms MarkObjects: 2.272300 ms  DeleteObjects: 0.021400 ms)

========================================================================
Received Prepare
Registering precompiled user dll's ...
Registered in 0.004763 seconds.
Begin MonoManager ReloadAssembly
Native extension for LinuxStandalone target not found
Native extension for WindowsStandalone target not found
Native extension for OSXStandalone target not found
Native extension for WebGL target not found
Refreshing native plugins compatible for Editor in 0.88 ms, found 3 plugins.
Preloading 0 native plugins for Editor in 0.00 ms.
Mono: successfully reloaded assembly
- Completed reload, in  0.930 seconds
Platform modules already initialized, skipping
Refreshing native plugins compatible for Editor in 0.52 ms, found 3 plugins.
Preloading 0 native plugins for Editor in 0.00 ms.
Unloading 2537 Unused Serialized files (Serialized files now loaded: 0)
System memory in use before: 115.6 MB.
System memory in use after: 115.8 MB.

Unloading 16 unused Assets to reduce memory usage. Loaded Objects now: 3131.
Total: 2.209700 ms (FindLiveObjects: 0.230800 ms CreateObjectMapping: 0.102600 ms MarkObjects: 1.857500 ms  DeleteObjects: 0.018100 ms)

========================================================================
Received Prepare
Registering precompiled user dll's ...
Registered in 0.006517 seconds.
Begin MonoManager ReloadAssembly
Native extension for LinuxStandalone target not found
Native extension for WindowsStandalone target not found
Native extension for OSXStandalone target not found
Native extension for WebGL target not found
Refreshing native plugins compatible for Editor in 0.61 ms, found 3 plugins.
Preloading 0 native plugins for Editor in 0.00 ms.
Mono: successfully reloaded assembly
- Completed reload, in  0.937 seconds
Platform modules already initialized, skipping
Refreshing native plugins compatible for Editor in 0.53 ms, found 3 plugins.
Preloading 0 native plugins for Editor in 0.00 ms.
Unloading 2537 Unused Serialized files (Serialized files now loaded: 0)
System memory in use before: 115.5 MB.
System memory in use after: 115.7 MB.

Unloading 16 unused Assets to reduce memory usage. Loaded Objects now: 3135.
Total: 2.572000 ms (FindLiveObjects: 0.276300 ms CreateObjectMapping: 0.133600 ms MarkObjects: 2.143500 ms  DeleteObjects: 0.017700 ms)

========================================================================
Received Prepare
Registering precompiled user dll's ...
Registered in 0.004105 seconds.
Begin MonoManager ReloadAssembly
Native extension for LinuxStandalone target not found
Native extension for WindowsStandalone target not found
Native extension for OSXStandalone target not found
Native extension for WebGL target not found
Refreshing native plugins compatible for Editor in 0.53 ms, found 3 plugins.
Preloading 0 native plugins for Editor in 0.00 ms.
Mono: successfully reloaded assembly
- Completed reload, in  0.939 seconds
Platform modules already initialized, skipping
Refreshing native plugins compatible for Editor in 0.48 ms, found 3 plugins.
Preloading 0 native plugins for Editor in 0.00 ms.
Unloading 2537 Unused Serialized files (Serialized files now loaded: 0)
System memory in use before: 115.6 MB.
System memory in use after: 115.8 MB.

Unloading 16 unused Assets to reduce memory usage. Loaded Objects now: 3139.
Total: 2.629400 ms (FindLiveObjects: 0.238300 ms CreateObjectMapping: 0.094300 ms MarkObjects: 2.270800 ms  DeleteObjects: 0.024800 ms)

========================================================================
Received Prepare
Registering precompiled user dll's ...
Registered in 0.006816 seconds.
Begin MonoManager ReloadAssembly
Native extension for LinuxStandalone target not found
Native extension for WindowsStandalone target not found
Native extension for OSXStandalone target not found
Native extension for WebGL target not found
Refreshing native plugins compatible for Editor in 0.57 ms, found 3 plugins.
Preloading 0 native plugins for Editor in 0.00 ms.
Mono: successfully reloaded assembly
- Completed reload, in  1.047 seconds
Platform modules already initialized, skipping
Refreshing native plugins compatible for Editor in 0.54 ms, found 3 plugins.
Preloading 0 native plugins for Editor in 0.00 ms.
Unloading 2537 Unused Serialized files (Serialized files now loaded: 0)
System memory in use before: 115.6 MB.
System memory in use after: 115.8 MB.

Unloading 16 unused Assets to reduce memory usage. Loaded Objects now: 3143.
Total: 2.461900 ms (FindLiveObjects: 0.242900 ms CreateObjectMapping: 0.094200 ms MarkObjects: 2.100000 ms  DeleteObjects: 0.024000 ms)

========================================================================
Received Prepare
Refreshing native plugins compatible for Editor in 5.08 ms, found 3 plugins.
Preloading 0 native plugins for Editor in 0.00 ms.
Unloading 14 Unused Serialized files (Serialized files now loaded: 0)
System memory in use before: 65.7 MB.
System memory in use after: 66.0 MB.

Unloading 14 unused Assets to reduce memory usage. Loaded Objects now: 3143.
Total: 3.499400 ms (FindLiveObjects: 0.353500 ms CreateObjectMapping: 0.157200 ms MarkObjects: 2.963000 ms  DeleteObjects: 0.024700 ms)

========================================================================
Received Prepare
Registering precompiled user dll's ...
Registered in 0.006563 seconds.
Begin MonoManager ReloadAssembly
Native extension for LinuxStandalone target not found
Native extension for WindowsStandalone target not found
Native extension for OSXStandalone target not found
Native extension for WebGL target not found
Refreshing native plugins compatible for Editor in 0.65 ms, found 3 plugins.
Preloading 0 native plugins for Editor in 0.00 ms.
Mono: successfully reloaded assembly
- Completed reload, in  0.939 seconds
Platform modules already initialized, skipping
Refreshing native plugins compatible for Editor in 0.96 ms, found 3 plugins.
Preloading 0 native plugins for Editor in 0.00 ms.
Unloading 2537 Unused Serialized files (Serialized files now loaded: 0)
System memory in use before: 115.6 MB.
System memory in use after: 115.8 MB.

Unloading 16 unused Assets to reduce memory usage. Loaded Objects now: 3147.
Total: 2.436600 ms (FindLiveObjects: 0.266800 ms CreateObjectMapping: 0.120200 ms MarkObjects: 2.032200 ms  DeleteObjects: 0.016400 ms)

========================================================================
Received Prepare
Refreshing native plugins compatible for Editor in 3.75 ms, found 3 plugins.
Preloading 0 native plugins for Editor in 0.00 ms.
Unloading 14 Unused Serialized files (Serialized files now loaded: 0)
System memory in use before: 65.7 MB.
System memory in use after: 66.0 MB.

Unloading 14 unused Assets to reduce memory usage. Loaded Objects now: 3147.
Total: 2.814200 ms (FindLiveObjects: 0.273800 ms CreateObjectMapping: 0.130800 ms MarkObjects: 2.391900 ms  DeleteObjects: 0.016800 ms)

========================================================================
Received Prepare
Refreshing native plugins compatible for Editor in 3.72 ms, found 3 plugins.
Preloading 0 native plugins for Editor in 0.00 ms.
Unloading 14 Unused Serialized files (Serialized files now loaded: 0)
System memory in use before: 65.7 MB.
System memory in use after: 66.0 MB.

Unloading 14 unused Assets to reduce memory usage. Loaded Objects now: 3147.
Total: 2.217900 ms (FindLiveObjects: 0.245900 ms CreateObjectMapping: 0.103300 ms MarkObjects: 1.851700 ms  DeleteObjects: 0.016100 ms)

========================================================================
Received Prepare
Registering precompiled user dll's ...
Registered in 0.004754 seconds.
Begin MonoManager ReloadAssembly
Native extension for LinuxStandalone target not found
Native extension for WindowsStandalone target not found
Native extension for OSXStandalone target not found
Native extension for WebGL target not found
Refreshing native plugins compatible for Editor in 0.81 ms, found 3 plugins.
Preloading 0 native plugins for Editor in 0.00 ms.
Mono: successfully reloaded assembly
- Completed reload, in  1.374 seconds
Platform modules already initialized, skipping
Switching build target platform(19) subTarget(0) extendedPlatform(0) -> platform(13) subTarget(537395200) extendedPlatform(0)
Refreshing native plugins compatible for Editor in 0.51 ms, found 3 plugins.
Preloading 0 native plugins for Editor in 0.00 ms.
Unloading 2541 Unused Serialized files (Serialized files now loaded: 0)
System memory in use before: 114.7 MB.
System memory in use after: 115.0 MB.

Unloading 16 unused Assets to reduce memory usage. Loaded Objects now: 3151.
Total: 3.320500 ms (FindLiveObjects: 0.337200 ms CreateObjectMapping: 0.141400 ms MarkObjects: 2.810000 ms  DeleteObjects: 0.030300 ms)

AssetImportParameters requested are different than current active one (requested -> active):
  custom:graphics/normal-map-encoding: 01000000000000000000000000000000 -> 02000000000000000000000000000000
========================================================================
Received Prepare
Refreshing native plugins compatible for Editor in 5.39 ms, found 3 plugins.
Preloading 0 native plugins for Editor in 0.00 ms.
Unloading 14 Unused Serialized files (Serialized files now loaded: 0)
System memory in use before: 64.9 MB.
System memory in use after: 65.1 MB.

Unloading 14 unused Assets to reduce memory usage. Loaded Objects now: 3151.
Total: 2.890500 ms (FindLiveObjects: 0.306600 ms CreateObjectMapping: 0.136000 ms MarkObjects: 2.417900 ms  DeleteObjects: 0.028900 ms)

========================================================================
Received Import Request.
  Time since last request: 9378.534591 seconds.
  path: Assets/Sprites/Icons/GameIcon.png
  artifactKey: Guid(76e4064748484a24d8f89e2c48e83948) Importer(815301076,1909f56bfc062723c751e8b465ee728b)
Start importing Assets/Sprites/Icons/GameIcon.png using Guid(76e4064748484a24d8f89e2c48e83948) Importer(815301076,1909f56bfc062723c751e8b465ee728b)  -> (artifact id: '52a41a2b71563c763eac83124bf42a46') in 0.452100 seconds
  Import took 0.458281 seconds .

========================================================================
Received Import Request.
  Time since last request: 0.000213 seconds.
  path: Assets/Sprites/Icons/Cursors/Cursor1.png
  artifactKey: Guid(80e4f045cb98dc7469ed762b37f3fc01) Importer(815301076,1909f56bfc062723c751e8b465ee728b)
Start importing Assets/Sprites/Icons/Cursors/Cursor1.png using Guid(80e4f045cb98dc7469ed762b37f3fc01) Importer(815301076,1909f56bfc062723c751e8b465ee728b)  -> (artifact id: 'a8306178ebfeaf7bcb546a56378a1299') in 0.007478 seconds
  Import took 0.011111 seconds .

========================================================================
Received Import Request.
  Time since last request: 0.000175 seconds.
  path: Assets/Sprites/Icons/GameIcon.png
  artifactKey: Guid(76e4064748484a24d8f89e2c48e83948) Importer(815301076,1909f56bfc062723c751e8b465ee728b)
Start importing Assets/Sprites/Icons/GameIcon.png using Guid(76e4064748484a24d8f89e2c48e83948) Importer(815301076,1909f56bfc062723c751e8b465ee728b)  -> (artifact id: '52a41a2b71563c763eac83124bf42a46') in 0.033711 seconds
  Import took 0.037013 seconds .

========================================================================
Received Import Request.
  Time since last request: 0.000240 seconds.
  path: Assets/Sprites/Icons/Cursors/Cursor1.png
  artifactKey: Guid(80e4f045cb98dc7469ed762b37f3fc01) Importer(815301076,1909f56bfc062723c751e8b465ee728b)
Start importing Assets/Sprites/Icons/Cursors/Cursor1.png using Guid(80e4f045cb98dc7469ed762b37f3fc01) Importer(815301076,1909f56bfc062723c751e8b465ee728b)  -> (artifact id: 'a8306178ebfeaf7bcb546a56378a1299') in 0.004516 seconds
  Import took 0.008455 seconds .

========================================================================
Received Prepare
Refreshing native plugins compatible for Editor in 3.82 ms, found 3 plugins.
Preloading 0 native plugins for Editor in 0.00 ms.
Unloading 14 Unused Serialized files (Serialized files now loaded: 0)
System memory in use before: 65.0 MB.
System memory in use after: 65.2 MB.

Unloading 14 unused Assets to reduce memory usage. Loaded Objects now: 3153.
Total: 3.651900 ms (FindLiveObjects: 0.282400 ms CreateObjectMapping: 0.123000 ms MarkObjects: 3.226100 ms  DeleteObjects: 0.019300 ms)

========================================================================
Received Prepare
Registering precompiled user dll's ...
Registered in 0.004506 seconds.
Begin MonoManager ReloadAssembly
Native extension for LinuxStandalone target not found
Native extension for WindowsStandalone target not found
Native extension for OSXStandalone target not found
Native extension for WebGL target not found
Refreshing native plugins compatible for Editor in 0.50 ms, found 3 plugins.
Preloading 0 native plugins for Editor in 0.00 ms.
Mono: successfully reloaded assembly
- Completed reload, in  1.388 seconds
Platform modules already initialized, skipping
Refreshing native plugins compatible for Editor in 0.84 ms, found 3 plugins.
Preloading 0 native plugins for Editor in 0.00 ms.
Unloading 2537 Unused Serialized files (Serialized files now loaded: 0)
System memory in use before: 115.5 MB.
System memory in use after: 115.7 MB.

Unloading 16 unused Assets to reduce memory usage. Loaded Objects now: 3157.
Total: 2.669600 ms (FindLiveObjects: 0.330900 ms CreateObjectMapping: 0.140600 ms MarkObjects: 2.160100 ms  DeleteObjects: 0.036900 ms)

========================================================================
Received Prepare
Refreshing native plugins compatible for Editor in 5.10 ms, found 3 plugins.
Preloading 0 native plugins for Editor in 0.00 ms.
Unloading 14 Unused Serialized files (Serialized files now loaded: 0)
System memory in use before: 65.7 MB.
System memory in use after: 65.9 MB.

Unloading 14 unused Assets to reduce memory usage. Loaded Objects now: 3157.
Total: 3.835800 ms (FindLiveObjects: 0.507200 ms CreateObjectMapping: 0.383500 ms MarkObjects: 2.910900 ms  DeleteObjects: 0.033000 ms)

========================================================================
Received Import Request.
  Time since last request: 9492.271879 seconds.
  path: Assets/Sprites/Icons/GameIcon.png
  artifactKey: Guid(76e4064748484a24d8f89e2c48e83948) Importer(815301076,1909f56bfc062723c751e8b465ee728b)
Start importing Assets/Sprites/Icons/GameIcon.png using Guid(76e4064748484a24d8f89e2c48e83948) Importer(815301076,1909f56bfc062723c751e8b465ee728b)  -> (artifact id: 'c35ff5ed28b7f80569162d4eaf6420a6') in 10.013807 seconds
  Import took 13.934656 seconds .

========================================================================
Received Import Request.
  Time since last request: 0.015914 seconds.
  path: Assets/Sprites/Icons/Cursors/Cursor1.png
  artifactKey: Guid(80e4f045cb98dc7469ed762b37f3fc01) Importer(815301076,1909f56bfc062723c751e8b465ee728b)
Start importing Assets/Sprites/Icons/Cursors/Cursor1.png using Guid(80e4f045cb98dc7469ed762b37f3fc01) Importer(815301076,1909f56bfc062723c751e8b465ee728b)  -> (artifact id: '06af94a09fc80c5d92a7a6860f503d8d') in 0.031982 seconds
  Import took 0.035607 seconds .

========================================================================
Received Import Request.
  Time since last request: 0.000265 seconds.
  path: Assets/Sprites/Icons/GameIcon.png
  artifactKey: Guid(76e4064748484a24d8f89e2c48e83948) Importer(815301076,1909f56bfc062723c751e8b465ee728b)
Start importing Assets/Sprites/Icons/GameIcon.png using Guid(76e4064748484a24d8f89e2c48e83948) Importer(815301076,1909f56bfc062723c751e8b465ee728b)  -> (artifact id: 'c35ff5ed28b7f80569162d4eaf6420a6') in 0.083326 seconds
  Import took 0.086538 seconds .

========================================================================
Received Prepare
Refreshing native plugins compatible for Editor in 11.51 ms, found 3 plugins.
Preloading 0 native plugins for Editor in 0.00 ms.
Unloading 14 Unused Serialized files (Serialized files now loaded: 0)
System memory in use before: 65.8 MB.
System memory in use after: 66.0 MB.

Unloading 14 unused Assets to reduce memory usage. Loaded Objects now: 3158.
Total: 16.717200 ms (FindLiveObjects: 0.313200 ms CreateObjectMapping: 0.148600 ms MarkObjects: 16.210000 ms  DeleteObjects: 0.044100 ms)

