Using pre-set license
Built from '2020.3/staging' branch; Version is '2020.3.11f1 (99c7afb366b3) revision 10078127'; Using compiler version '192528614'; Build Type 'Release'
OS: 'Windows 10 Home; OS build 19042.1052; Version 2009; 64bit' Language: 'en' Physical Memory: 14209 MB
BatchMode: 1, IsHumanControllingUs: 0, StartBugReporterOnCrash: 0, Is64bit: 1, IsPro: 0

 COMMAND LINE ARGUMENTS:
C:\Program Files\Unity\Hub\Editor\2020.3.11f1\Editor\Unity.exe
-adb2
-batchMode
-noUpm
-name
AssetImportWorker0
-projectPath
C:/Users/Markh/Documents/GitHub/Project-Quimby/Project Quimbly
-logFile
Logs/AssetImportWorker0.log
-srvPort
55339
Successfully changed project path to: C:/Users/Markh/Documents/GitHub/Project-Quimby/Project Quimbly
C:/Users/Markh/Documents/GitHub/Project-Quimby/Project Quimbly
Using Asset Import Pipeline V2.
Refreshing native plugins compatible for Editor in 87.10 ms, found 3 plugins.
Preloading 0 native plugins for Editor in 0.00 ms.
Initialize engine version: 2020.3.11f1 (99c7afb366b3)
[Subsystems] Discovering subsystems at path C:/Program Files/Unity/Hub/Editor/2020.3.11f1/Editor/Data/Resources/UnitySubsystems
[Subsystems] Discovering subsystems at path C:/Users/Markh/Documents/GitHub/Project-Quimby/Project Quimbly/Assets
GfxDevice: creating device client; threaded=0
Direct3D:
    Version:  Direct3D 11.0 [level 11.1]
    Renderer: NVIDIA GeForce GTX 1650 (ID=0x1f91)
    Vendor:   
    VRAM:     3962 MB
    Driver:   27.21.14.6230
Initialize mono
Mono path[0] = 'C:/Program Files/Unity/Hub/Editor/2020.3.11f1/Editor/Data/Managed'
Mono path[1] = 'C:/Program Files/Unity/Hub/Editor/2020.3.11f1/Editor/Data/MonoBleedingEdge/lib/mono/unityjit'
Mono config path = 'C:/Program Files/Unity/Hub/Editor/2020.3.11f1/Editor/Data/MonoBleedingEdge/etc'
Using monoOptions --debugger-agent=transport=dt_socket,embedding=1,server=y,suspend=n,address=127.0.0.1:56484
Begin MonoManager ReloadAssembly
Registering precompiled unity dll's ...
Register platform support module: C:/Program Files/Unity/Hub/Editor/2020.3.11f1/Editor/Data/PlaybackEngines/WebGLSupport/UnityEditor.WebGL.Extensions.dll
Register platform support module: C:/Program Files/Unity/Hub/Editor/2020.3.11f1/Editor/Data/PlaybackEngines/MacStandaloneSupport/UnityEditor.OSXStandalone.Extensions.dll
Register platform support module: C:/Program Files/Unity/Hub/Editor/2020.3.11f1/Editor/Data/PlaybackEngines/WindowsStandaloneSupport/UnityEditor.WindowsStandalone.Extensions.dll
Register platform support module: C:/Program Files/Unity/Hub/Editor/2020.3.11f1/Editor/Data/PlaybackEngines/LinuxStandaloneSupport/UnityEditor.LinuxStandalone.Extensions.dll
Register platform support module: C:/Program Files/Unity/Hub/Editor/2020.3.11f1/Editor/Data/PlaybackEngines/LuminSupport/UnityEditor.Lumin.Extensions.dll
Registered in 0.004775 seconds.
Native extension for Lumin target not found
Native extension for LinuxStandalone target not found
Native extension for WindowsStandalone target not found
Native extension for OSXStandalone target not found
Native extension for WebGL target not found
Refreshing native plugins compatible for Editor in 69.69 ms, found 3 plugins.
Preloading 0 native plugins for Editor in 0.00 ms.
Mono: successfully reloaded assembly
- Completed reload, in  3.227 seconds
Platform modules already initialized, skipping
Registering precompiled user dll's ...
Registered in 0.007961 seconds.
Begin MonoManager ReloadAssembly
Native extension for Lumin target not found
Native extension for LinuxStandalone target not found
Native extension for WindowsStandalone target not found
Native extension for OSXStandalone target not found
Native extension for WebGL target not found
Refreshing native plugins compatible for Editor in 73.60 ms, found 3 plugins.
Preloading 0 native plugins for Editor in 0.00 ms.
Mono: successfully reloaded assembly
- Completed reload, in  1.618 seconds
Platform modules already initialized, skipping
========================================================================
Worker process is ready to serve import requests
Launched and connected shader compiler UnityShaderCompiler.exe after 0.07 seconds
Refreshing native plugins compatible for Editor in 0.74 ms, found 3 plugins.
Preloading 0 native plugins for Editor in 0.00 ms.
Unloading 2590 Unused Serialized files (Serialized files now loaded: 0)
System memory in use before: 115.7 MB.
System memory in use after: 115.9 MB.

Unloading 30 unused Assets to reduce memory usage. Loaded Objects now: 3030.
Total: 3.392900 ms (FindLiveObjects: 0.358800 ms CreateObjectMapping: 0.126600 ms MarkObjects: 2.802500 ms  DeleteObjects: 0.103000 ms)

========================================================================
Received Import Request.
  path: Assets/Scenes
  artifactKey: Guid(6753fbfc84c0cbc4284c5ec016a18934) Importer(815301076,1909f56bfc062723c751e8b465ee728b)
Start importing Assets/Scenes using Guid(6753fbfc84c0cbc4284c5ec016a18934) Importer(815301076,1909f56bfc062723c751e8b465ee728b)  -> (artifact id: 'c63dd75b7882a705ae5a0577cb1ff7e0') in 0.018335 seconds
  Import took 0.026089 seconds .

========================================================================
Received Import Request.
  Time since last request: 0.000353 seconds.
  path: Assets/Script/Shops&Services.txt
  artifactKey: Guid(3bd9582bf1408e14ba6fa2082caad1af) Importer(815301076,1909f56bfc062723c751e8b465ee728b)
Start importing Assets/Script/Shops&Services.txt using Guid(3bd9582bf1408e14ba6fa2082caad1af) Importer(815301076,1909f56bfc062723c751e8b465ee728b)  -> (artifact id: '86f9ffef62b973359e9629fda084cf7c') in 0.054874 seconds
  Import took 0.060478 seconds .

========================================================================
Received Import Request.
  Time since last request: 0.000275 seconds.
  path: Assets/Script
  artifactKey: Guid(b1c238ce3ac4dbb42abf7739b34e1b61) Importer(815301076,1909f56bfc062723c751e8b465ee728b)
Start importing Assets/Script using Guid(b1c238ce3ac4dbb42abf7739b34e1b61) Importer(815301076,1909f56bfc062723c751e8b465ee728b)  -> (artifact id: '8d62a3534cb7904a58410fb806f5b09c') in 0.009048 seconds
  Import took 0.016499 seconds .

========================================================================
Received Import Request.
  Time since last request: 0.000755 seconds.
  path: Assets/Script/ShopText.txt
  artifactKey: Guid(b5f8c317b37eb7e4ab6199b16a141b49) Importer(815301076,1909f56bfc062723c751e8b465ee728b)
Start importing Assets/Script/ShopText.txt using Guid(b5f8c317b37eb7e4ab6199b16a141b49) Importer(815301076,1909f56bfc062723c751e8b465ee728b)  -> (artifact id: '4498255ef7d18404308e8f127019f4ab') in 0.012303 seconds
  Import took 0.021564 seconds .

========================================================================
Received Import Request.
  Time since last request: 0.000400 seconds.
  path: Assets/Script/QuimblyScript.txt
  artifactKey: Guid(104eb19b5522d5443b01ed08d7c4a859) Importer(815301076,1909f56bfc062723c751e8b465ee728b)
Start importing Assets/Script/QuimblyScript.txt using Guid(104eb19b5522d5443b01ed08d7c4a859) Importer(815301076,1909f56bfc062723c751e8b465ee728b)  -> (artifact id: '9346ca2dcca9b61a78f53e62c215c99d') in 0.011598 seconds
  Import took 0.019694 seconds .

========================================================================
Received Import Request.
  Time since last request: 0.020220 seconds.
  path: Assets/Script/QuimblyScript.txt
  artifactKey: Guid(104eb19b5522d5443b01ed08d7c4a859) Importer(815301076,1909f56bfc062723c751e8b465ee728b)
Start importing Assets/Script/QuimblyScript.txt using Guid(104eb19b5522d5443b01ed08d7c4a859) Importer(815301076,1909f56bfc062723c751e8b465ee728b)  -> (artifact id: '9346ca2dcca9b61a78f53e62c215c99d') in 0.005215 seconds
  Import took 0.011355 seconds .

========================================================================
Received Import Request.
  Time since last request: 0.615333 seconds.
  path: Assets/Script/FeedingText.txt
  artifactKey: Guid(f1ef9fc5f0a991240942ec51afea6df4) Importer(815301076,1909f56bfc062723c751e8b465ee728b)
Start importing Assets/Script/FeedingText.txt using Guid(f1ef9fc5f0a991240942ec51afea6df4) Importer(815301076,1909f56bfc062723c751e8b465ee728b)  -> (artifact id: '6caf59a4792c153e60867192e57994bb') in 0.011812 seconds
  Import took 0.018854 seconds .

========================================================================
Received Import Request.
  Time since last request: 3.980730 seconds.
  path: Assets/Script/Deb Dialouge.txt
  artifactKey: Guid(e338eadb667ff32429a2249ac6f818b1) Importer(815301076,1909f56bfc062723c751e8b465ee728b)
Start importing Assets/Script/Deb Dialouge.txt using Guid(e338eadb667ff32429a2249ac6f818b1) Importer(815301076,1909f56bfc062723c751e8b465ee728b)  -> (artifact id: '38700349361efa00c9335222c7fb9146') in 0.012598 seconds
  Import took 0.019475 seconds .

========================================================================
Received Import Request.
  Time since last request: 338.694143 seconds.
  path: Assets/Script/FeedingText.txt
  artifactKey: Guid(f1ef9fc5f0a991240942ec51afea6df4) Importer(815301076,1909f56bfc062723c751e8b465ee728b)
Start importing Assets/Script/FeedingText.txt using Guid(f1ef9fc5f0a991240942ec51afea6df4) Importer(815301076,1909f56bfc062723c751e8b465ee728b)  -> (artifact id: '2dfb2b189aaf8496a0e1be8d7b8c1b45') in 0.007584 seconds
  Import took 0.014167 seconds .

========================================================================
Received Import Request.
  Time since last request: 22644.417621 seconds.
  path: Assets/Script/FeedingText.txt
  artifactKey: Guid(f1ef9fc5f0a991240942ec51afea6df4) Importer(815301076,1909f56bfc062723c751e8b465ee728b)
Start importing Assets/Script/FeedingText.txt using Guid(f1ef9fc5f0a991240942ec51afea6df4) Importer(815301076,1909f56bfc062723c751e8b465ee728b)  -> (artifact id: 'cb6b0a8beaa0730fbd899d039671beca') in 0.021898 seconds
  Import took 0.068840 seconds .

AssetImportWorkerClient::OnTransportError - code=2 error=End of file
